🚀 Bắt đầu biên dịch liff.html -> index.html...
✅ Đã thay thế WEB_APP_URL bằng URL thực tế.
🎉 Đã tạo file index.html thành công!

📦 Bắt đầu đồng bộ lên GitHub...
📤 Đang đẩy đè file index.html lên GitHub (Force Push)...
⚡ Đang chạy lệnh git push -f...
To https://github.com/ltsdata1605-glitch/giao-viec-line.git
   6785b96..558b7f5  main -> main
🚀 Hoàn thành! File đã được đẩy lên GitHub Pages thành công.
🚀 Bắt đầu biên dịch liff.html -> index.html...
✅ Đã thay thế WEB_APP_URL bằng URL thực tế.
🎉 Đã tạo file index.html thành công!

📦 Bắt đầu đồng bộ lên GitHub...
📤 Đang đẩy đè file index.html lên GitHub (Force Push)...
⚡ Đang chạy lệnh git push -f...
To https://github.com/ltsdata1605-glitch/giao-viec-line.git
   558b7f5..e092081  main -> main
🚀 Hoàn thành! File đã được đẩy lên GitHub Pages thành công.
🚀 Bắt đầu biên dịch liff.html -> index.html...
✅ Đã thay thế WEB_APP_URL bằng URL thực tế.
🎉 Đã tạo file index.html thành công!

📦 Bắt đầu đồng bộ lên GitHub...
📤 Đang đẩy đè file index.html lên GitHub (Force Push)...
⚡ Đang chạy lệnh git push -f...
To https://github.com/ltsdata1605-glitch/giao-viec-line.git
   e092081..e838b5d  main -> main
🚀 Hoàn thành! File đã được đẩy lên GitHub Pages thành công.
🚀 Bắt đầu biên dịch liff.html -> index.html...
✅ Đã thay thế WEB_APP_URL bằng URL thực tế.
🎉 Đã tạo file index.html thành công!

📦 Bắt đầu đồng bộ lên GitHub...
📤 Đang đẩy đè file index.html lên GitHub (Force Push)...
ℹ️ Không có thay đổi nào mới để commit.
⚡ Đang chạy lệnh git push -f...
Everything up-to-date
🚀 Hoàn thành! File đã được đẩy lên GitHub Pages thành công.
🚀 Bắt đầu biên dịch liff.html -> index.html...
✅ Đã thay thế WEB_APP_URL bằng URL thực tế.
🎉 Đã tạo file index.html thành công!

📦 Bắt đầu đồng bộ lên GitHub...
📤 Đang đẩy đè file index.html lên GitHub (Force Push)...
⚡ Đang chạy lệnh git push -f...
To https://github.com/ltsdata1605-glitch/giao-viec-line.git
   6d9ab3a..3f71d80  main -> main
🚀 Hoàn thành! File đã được đẩy lên GitHub Pages thành công.
🚀 Bắt đầu biên dịch liff.html -> index.html...
✅ Đã thay thế WEB_APP_URL bằng URL thực tế.
🎉 Đã tạo file index.html thành công!

📦 Bắt đầu đồng bộ lên GitHub...
📤 Đang đẩy đè file index.html lên GitHub (Force Push)...
⚡ Đang chạy lệnh git push -f...
To https://github.com/ltsdata1605-glitch/giao-viec-line.git
   3f71d80..888bb63  main -> main
🚀 Hoàn thành! File đã được đẩy lên GitHub Pages thành công.
🚀 Bắt đầu biên dịch liff.html -> index.html...
✅ Đã thay thế WEB_APP_URL bằng URL thực tế.
🎉 Đã tạo file index.html thành công!

📦 Bắt đầu đồng bộ lên GitHub...
📤 Đang đẩy đè file index.html lên GitHub (Force Push)...
⚡ Đang chạy lệnh git push -f...
To https://github.com/ltsdata1605-glitch/giao-viec-line.git
   888bb63..b7757da  main -> main
🚀 Hoàn thành! File đã được đẩy lên GitHub Pages thành công.
🚀 Bắt đầu biên dịch liff.html -> index.html...
✅ Đã thay thế WEB_APP_URL bằng URL thực tế.
🎉 Đã tạo file index.html thành công!

📦 Bắt đầu đồng bộ lên GitHub...
📤 Đang đẩy đè file index.html lên GitHub (Force Push)...
⚡ Đang chạy lệnh git push -f...
To https://github.com/ltsdata1605-glitch/giao-viec-line.git
   b7757da..94e3cb5  main -> main
🚀 Hoàn thành! File đã được đẩy lên GitHub Pages thành công.
🚀 Bắt đầu biên dịch liff.html -> index.html...
✅ Đã thay thế WEB_APP_URL bằng URL thực tế.
🎉 Đã tạo file index.html thành công!

📦 Bắt đầu đồng bộ lên GitHub...
📤 Đang đẩy đè file index.html lên GitHub (Force Push)...
ℹ️ Không có thay đổi nào mới để commit.
⚡ Đang chạy lệnh git push -f...
Everything up-to-date
🚀 Hoàn thành! File đã được đẩy lên GitHub Pages thành công.
🚀 Bắt đầu biên dịch liff.html -> index.html...
✅ Đã thay thế WEB_APP_URL bằng URL thực tế.
🎉 Đã tạo file index.html thành công!

📦 Bắt đầu đồng bộ lên GitHub...
📤 Đang đẩy đè file index.html lên GitHub (Force Push)...
⚡ Đang chạy lệnh git push -f...
To https://github.com/ltsdata1605-glitch/giao-viec-line.git
   3e8040f..48b1343  main -> main
🚀 Hoàn thành! File đã được đẩy lên GitHub Pages thành công.
🚀 Bắt đầu biên dịch liff.html -> index.html...
✅ Đã thay thế WEB_APP_URL bằng URL thực tế.
🎉 Đã tạo file index.html thành công!

📦 Bắt đầu đồng bộ lên GitHub...
📤 Đang đẩy đè file index.html lên GitHub (Force Push)...
⚡ Đang chạy lệnh git push -f...
To https://github.com/ltsdata1605-glitch/giao-viec-line.git
   48b1343..8467b50  main -> main
🚀 Hoàn thành! File đã được đẩy lên GitHub Pages thành công.
🚀 Bắt đầu biên dịch liff.html -> index.html...
✅ Đã thay thế WEB_APP_URL bằng URL thực tế.
🎉 Đã tạo file index.html thành công!

📦 Bắt đầu đồng bộ lên GitHub...
📤 Đang đẩy đè file index.html lên GitHub (Force Push)...
⚡ Đang chạy lệnh git push -f...
To https://github.com/ltsdata1605-glitch/giao-viec-line.git
   8467b50..f4197a6  main -> main
🚀 Hoàn thành! File đã được đẩy lên GitHub Pages thành công.
🚀 Bắt đầu biên dịch liff.html -> index.html...
✅ Đã thay thế WEB_APP_URL bằng URL thực tế.
🎉 Đã tạo file index.html thành công!

📦 Bắt đầu đồng bộ lên GitHub...
📤 Đang đẩy đè file index.html lên GitHub (Force Push)...
⚡ Đang chạy lệnh git push -f...
To https://github.com/ltsdata1605-glitch/giao-viec-line.git
   f4197a6..5a5b422  main -> main
🚀 Hoàn thành! File đã được đẩy lên GitHub Pages thành công.
🚀 Bắt đầu biên dịch liff.html -> index.html...
✅ Đã thay thế WEB_APP_URL bằng URL thực tế.
🎉 Đã tạo file index.html thành công!

📦 Bắt đầu đồng bộ lên GitHub...
📤 Đang đẩy đè file index.html lên GitHub (Force Push)...
⚡ Đang chạy lệnh git push -f...
To https://github.com/ltsdata1605-glitch/giao-viec-line.git
   5a5b422..a4e7335  main -> main
🚀 Hoàn thành! File đã được đẩy lên GitHub Pages thành công.
🚀 Bắt đầu biên dịch liff.html -> index.html...
✅ Đã thay thế WEB_APP_URL bằng URL thực tế.
🎉 Đã tạo file index.html thành công!

📦 Bắt đầu đồng bộ lên GitHub...
📤 Đang đẩy đè file index.html lên GitHub (Force Push)...
⚡ Đang chạy lệnh git push -f...
To https://github.com/ltsdata1605-glitch/giao-viec-line.git
   45436d1..0f9b686  main -> main
🚀 Hoàn thành! File đã được đẩy lên GitHub Pages thành công.
🚀 Bắt đầu biên dịch liff.html -> index.html...
✅ Đã thay thế WEB_APP_URL bằng URL thực tế.
🎉 Đã tạo file index.html thành công!

📦 Bắt đầu đồng bộ lên GitHub...
📤 Đang đẩy đè file index.html lên GitHub (Force Push)...
⚡ Đang chạy lệnh git push -f...
To https://github.com/ltsdata1605-glitch/giao-viec-line.git
   0f9b686..4d3c0cd  main -> main
🚀 Hoàn thành! File đã được đẩy lên GitHub Pages thành công.
🚀 Bắt đầu biên dịch liff.html -> index.html...
✅ Đã thay thế WEB_APP_URL bằng URL thực tế.
🎉 Đã tạo file index.html thành công!

📦 Bắt đầu đồng bộ lên GitHub...
📤 Đang đẩy đè file index.html lên GitHub (Force Push)...
⚡ Đang chạy lệnh git push -f...
To https://github.com/ltsdata1605-glitch/giao-viec-line.git
   4d3c0cd..9fcd88d  main -> main
🚀 Hoàn thành! File đã được đẩy lên GitHub Pages thành công.
🚀 Bắt đầu biên dịch liff.html -> index.html...
✅ Đã thay thế WEB_APP_URL bằng URL thực tế.
🎉 Đã tạo file index.html thành công!

📦 Bắt đầu đồng bộ lên GitHub...
📤 Đang đẩy đè file index.html lên GitHub (Force Push)...
⚡ Đang chạy lệnh git push -f...
To https://github.com/ltsdata1605-glitch/giao-viec-line.git
   9fcd88d..9e066fd  main -> main
🚀 Hoàn thành! File đã được đẩy lên GitHub Pages thành công.
🚀 Bắt đầu biên dịch liff.html -> index.html...
✅ Đã thay thế WEB_APP_URL bằng URL thực tế.
🎉 Đã tạo file index.html thành công!

📦 Bắt đầu đồng bộ lên GitHub...
📤 Đang đẩy đè file index.html lên GitHub (Force Push)...
⚡ Đang chạy lệnh git push -f...
To https://github.com/ltsdata1605-glitch/giao-viec-line.git
   9e066fd..691bb72  main -> main
🚀 Hoàn thành! File đã được đẩy lên GitHub Pages thành công.
🚀 Bắt đầu biên dịch liff.html -> index.html...
✅ Đã thay thế WEB_APP_URL bằng URL thực tế.
🎉 Đã tạo file index.html thành công!

📦 Bắt đầu đồng bộ lên GitHub...
📤 Đang đẩy đè file index.html lên GitHub (Force Push)...
⚡ Đang chạy lệnh git push -f...
To https://github.com/ltsdata1605-glitch/giao-viec-line.git
   691bb72..6c0e5c4  main -> main
🚀 Hoàn thành! File đã được đẩy lên GitHub Pages thành công.
🚀 Bắt đầu biên dịch liff.html -> index.html...
✅ Đã thay thế WEB_APP_URL bằng URL thực tế.
🎉 Đã tạo file index.html thành công!

📦 Bắt đầu đồng bộ lên GitHub...
📤 Đang đẩy đè file index.html lên GitHub (Force Push)...
⚡ Đang chạy lệnh git push -f...
To https://github.com/ltsdata1605-glitch/giao-viec-line.git
   6c0e5c4..2d02ac7  main -> main
🚀 Hoàn thành! File đã được đẩy lên GitHub Pages thành công.
🚀 Bắt đầu biên dịch liff.html -> index.html...
✅ Đã thay thế WEB_APP_URL bằng URL thực tế.
🎉 Đã tạo file index.html thành công!

📦 Bắt đầu đồng bộ lên GitHub...
📤 Đang đẩy đè file index.html lên GitHub (Force Push)...
⚡ Đang chạy lệnh git push -f...
To https://github.com/ltsdata1605-glitch/giao-viec-line.git
   35e70be..95768f4  main -> main
🚀 Hoàn thành! File đã được đẩy lên GitHub Pages thành công.
🚀 Bắt đầu biên dịch liff.html -> index.html...
✅ Đã thay thế WEB_APP_URL bằng URL thực tế.
🎉 Đã tạo file index.html thành công!

📦 Bắt đầu đồng bộ lên GitHub...
📤 Đang đẩy đè file index.html lên GitHub (Force Push)...
⚡ Đang chạy lệnh git push -f...
To https://github.com/ltsdata1605-glitch/giao-viec-line.git
   f3b9935..5c58c12  main -> main
🚀 Hoàn thành! File đã được đẩy lên GitHub Pages thành công.
